# JRE version: Java(TM) SE Runtime Environment (22.0+36) (build 22+36-2370)
# Java VM: Java HotSpot(TM) 64-Bit Server VM (22+36-2370, mixed mode, emulated-client, sharing, tiered, compressed oops, compressed class ptrs, g1 gc, windows-amd64)
GC Precious Log:
 CardTable entry size: 512
 Card Set container configuration: InlinePtr #cards 4 size 8 Array Of Cards #cards 16 size 48 Howl #buckets 8 coarsen threshold 3686 Howl Bitmap #cards 512 size 80 coarsen threshold 460 Card regions per heap region 1 cards per card region 4096
 CPUs: 12 total, 12 available
 Memory: 16294M
 Large Page Support: Disabled
 NUMA Support: Disabled
 Compressed Oops: Enabled (Zero based)
 Heap Region Size: 2M
 Heap Min Capacity: 8M
 Heap Initial Capacity: 256M
 Heap Max Capacity: 4074M
 Pre-touch: Disabled
 Parallel Workers: 10
 Concurrent Workers: 3
 Concurrent Refinement Workers: 10
 Periodic GC: Disabled
Heap:
 garbage-first heap   total reserved 4171776K, committed 45056K, used 19153K [0x0000000701600000, 0x0000000800000000)
  region size 2048K, 4 young (8192K), 2 survivors (4096K)
 Metaspace       used 37066K, committed 37760K, reserved 1114112K
  class space    used 5156K, committed 5440K, reserved 1048576K
GC Heap History (20 events):
Event: 350.601 GC heap before
{Heap before GC invocations=15 (full 2):
 garbage-first heap   total reserved 4171776K, committed 45056K, used 33979K [0x0000000701600000, 0x0000000800000000)
  region size 2048K, 11 young (22528K), 0 survivors (0K)
 Metaspace       used 36940K, committed 37696K, reserved 1114112K
  class space    used 5131K, committed 5440K, reserved 1048576K
}
Event: 350.602 GC heap after
{Heap after GC invocations=16 (full 2):
 garbage-first heap   total reserved 4171776K, committed 45056K, used 16175K [0x0000000701600000, 0x0000000800000000)
  region size 2048K, 2 young (4096K), 2 survivors (4096K)
 Metaspace       used 36940K, committed 37696K, reserved 1114112K
  class space    used 5131K, committed 5440K, reserved 1048576K
}
Event: 354.759 GC heap before
{Heap before GC invocations=16 (full 2):
 garbage-first heap   total reserved 4171776K, committed 45056K, used 30511K [0x0000000701600000, 0x0000000800000000)
  region size 2048K, 10 young (20480K), 2 survivors (4096K)
 Metaspace       used 37039K, committed 37696K, reserved 1114112K
  class space    used 5157K, committed 5440K, reserved 1048576K
}
Event: 354.760 GC heap after
{Heap after GC invocations=17 (full 2):
 garbage-first heap   total reserved 4171776K, committed 45056K, used 17975K [0x0000000701600000, 0x0000000800000000)
  region size 2048K, 2 young (4096K), 2 survivors (4096K)
 Metaspace       used 37039K, committed 37696K, reserved 1114112K
  class space    used 5157K, committed 5440K, reserved 1048576K
}
Event: 396.482 GC heap before
{Heap before GC invocations=17 (full 2):
 garbage-first heap   total reserved 4171776K, committed 45056K, used 30263K [0x0000000701600000, 0x0000000800000000)
  region size 2048K, 8 young (16384K), 2 survivors (4096K)
 Metaspace       used 37043K, committed 37696K, reserved 1114112K
  class space    used 5158K, committed 5440K, reserved 1048576K
}
Event: 396.483 GC heap after
{Heap after GC invocations=18 (full 2):
 garbage-first heap   total reserved 4171776K, committed 45056K, used 18442K [0x0000000701600000, 0x0000000800000000)
  region size 2048K, 1 young (2048K), 1 survivors (2048K)
 Metaspace       used 37043K, committed 37696K, reserved 1114112K
  class space    used 5158K, committed 5440K, reserved 1048576K
}
Event: 496.326 GC heap before
{Heap before GC invocations=19 (full 2):
 garbage-first heap   total reserved 4171776K, committed 45056K, used 20490K [0x0000000701600000, 0x0000000800000000)
  region size 2048K, 4 young (8192K), 1 survivors (2048K)
 Metaspace       used 36958K, committed 37696K, reserved 1114112K
  class space    used 5133K, committed 5440K, reserved 1048576K
}
Event: 496.345 GC heap after
{Heap after GC invocations=20 (full 3):
 garbage-first heap   total reserved 4171776K, committed 45056K, used 13582K [0x0000000701600000, 0x0000000800000000)
  region size 2048K, 0 young (0K), 0 survivors (0K)
 Metaspace       used 36896K, committed 37696K, reserved 1114112K
  class space    used 5116K, committed 5440K, reserved 1048576K
}
Event: 496.512 GC heap before
{Heap before GC invocations=20 (full 3):
 garbage-first heap   total reserved 4171776K, committed 45056K, used 36110K [0x0000000701600000, 0x0000000800000000)
  region size 2048K, 11 young (22528K), 0 survivors (0K)
 Metaspace       used 37016K, committed 37696K, reserved 1114112K
  class space    used 5144K, committed 5440K, reserved 1048576K
}
Event: 496.513 GC heap after
{Heap after GC invocations=21 (full 3):
 garbage-first heap   total reserved 4171776K, committed 45056K, used 16265K [0x0000000701600000, 0x0000000800000000)
  region size 2048K, 2 young (4096K), 2 survivors (4096K)
 Metaspace       used 37016K, committed 37696K, reserved 1114112K
  class space    used 5144K, committed 5440K, reserved 1048576K
}
Event: 684.473 GC heap before
{Heap before GC invocations=21 (full 3):
 garbage-first heap   total reserved 4171776K, committed 45056K, used 32649K [0x0000000701600000, 0x0000000800000000)
  region size 2048K, 10 young (20480K), 2 survivors (4096K)
 Metaspace       used 37106K, committed 37760K, reserved 1114112K
  class space    used 5167K, committed 5440K, reserved 1048576K
}
Event: 684.474 GC heap after
{Heap after GC invocations=22 (full 3):
 garbage-first heap   total reserved 4171776K, committed 45056K, used 17899K [0x0000000701600000, 0x0000000800000000)
  region size 2048K, 2 young (4096K), 2 survivors (4096K)
 Metaspace       used 37106K, committed 37760K, reserved 1114112K
  class space    used 5167K, committed 5440K, reserved 1048576K
}
Event: 760.084 GC heap before
{Heap before GC invocations=22 (full 3):
 garbage-first heap   total reserved 4171776K, committed 45056K, used 19947K [0x0000000701600000, 0x0000000800000000)
  region size 2048K, 4 young (8192K), 2 survivors (4096K)
 Metaspace       used 37122K, committed 37760K, reserved 1114112K
  class space    used 5169K, committed 5440K, reserved 1048576K
}
Event: 760.105 GC heap after
{Heap after GC invocations=23 (full 4):
 garbage-first heap   total reserved 4171776K, committed 45056K, used 13325K [0x0000000701600000, 0x0000000800000000)
  region size 2048K, 0 young (0K), 0 survivors (0K)
 Metaspace       used 36895K, committed 37760K, reserved 1114112K
  class space    used 5115K, committed 5440K, reserved 1048576K
}
Event: 760.375 GC heap before
{Heap before GC invocations=23 (full 4):
 garbage-first heap   total reserved 4171776K, committed 45056K, used 35853K [0x0000000701600000, 0x0000000800000000)
  region size 2048K, 11 young (22528K), 0 survivors (0K)
 Metaspace       used 37016K, committed 37760K, reserved 1114112K
  class space    used 5144K, committed 5440K, reserved 1048576K
}
Event: 760.377 GC heap after
{Heap after GC invocations=24 (full 4):
 garbage-first heap   total reserved 4171776K, committed 45056K, used 16024K [0x0000000701600000, 0x0000000800000000)
  region size 2048K, 2 young (4096K), 2 survivors (4096K)
 Metaspace       used 37016K, committed 37760K, reserved 1114112K
  class space    used 5144K, committed 5440K, reserved 1048576K
}
Event: 775.055 GC heap before
{Heap before GC invocations=24 (full 4):
 garbage-first heap   total reserved 4171776K, committed 45056K, used 28312K [0x0000000701600000, 0x0000000800000000)
  region size 2048K, 9 young (18432K), 2 survivors (4096K)
 Metaspace       used 37106K, committed 37760K, reserved 1114112K
  class space    used 5167K, committed 5440K, reserved 1048576K
}
Event: 775.078 GC heap after
{Heap after GC invocations=25 (full 5):
 garbage-first heap   total reserved 4171776K, committed 45056K, used 14978K [0x0000000701600000, 0x0000000800000000)
  region size 2048K, 0 young (0K), 0 survivors (0K)
 Metaspace       used 36983K, committed 37760K, reserved 1114112K
  class space    used 5143K, committed 5440K, reserved 1048576K
}
Event: 775.218 GC heap before
{Heap before GC invocations=25 (full 5):
 garbage-first heap   total reserved 4171776K, committed 45056K, used 35458K [0x0000000701600000, 0x0000000800000000)
  region size 2048K, 10 young (20480K), 0 survivors (0K)
 Metaspace       used 37033K, committed 37760K, reserved 1114112K
  class space    used 5152K, committed 5440K, reserved 1048576K
}
Event: 775.219 GC heap after
{Heap after GC invocations=26 (full 5):
 garbage-first heap   total reserved 4171776K, committed 45056K, used 17105K [0x0000000701600000, 0x0000000800000000)
  region size 2048K, 2 young (4096K), 2 survivors (4096K)
 Metaspace       used 37033K, committed 37760K, reserved 1114112K
  class space    used 5152K, committed 5440K, reserved 1048576K
}

